[   0.000]Initalin cgrup susys cpuset
[    0.000000] Initializing cgroup subsys cpu
[    0.000000] Initializing cgroup subsy cuacct
[  .0000Linux version 4.4.0-36-generic (buildd@lcy01-01) (gcc version 5.4.0 20160609 (Ubuntu 5.4.0-6ubuntu1~16.04.2) ) #55-Ubuntu SMP Thu Aug 11 18:01:55 UTC 2016 (Ubuntu 4.4.0-36.55-generic 4.4.16)
[    0.000000] Command le:OOT_AG/boovmnuz-4.36-gnec root=LABEL=cloudimg-rootfs ro console=tty1 console=ttyS0
[    0.000000] KERNEL supported cpus:
[    0.000000]   Intel GenuineIntel
[    0.000000]   AMD AuthenticAMD
[    0.000000]   CetaurenurHauls
[    0.000000] x86/fpu: xstate_offset[2]:  576, xstate_sizes[2]:  256
[    0.000000] x86/fpu: Supporting XSAVE feature 0x01: 'x87 floating point registers'
[    0.000000] x86/fpu: Supporting XSAVE feature 0x02: 'SSE registers'
[    0.000000] x86/fpu: Supporting XSAVE feature 0x04: 'AVX registers'
[    0.000000] x86/fpu: Enabled xstate features 0x7, context size is 832 bytes, using 'standard' format.
[    0.000000] x86/fpu: Using 'lazy' FPU context switches.
[    0.000000] e820: BIOS-provided physical RAM map:
[    0.000000] BIOS-e820: [mem 0x0000000000000000-0x000000000009fbff] usable
[    0.000000] BIOS-e820: [mem 0x000000000009fc00-0x000000000009ffff] reserved
[    0.0000] OS-e0:[mm 0x0000000f000x00000000ffff] seed
  0.0000 BS-e80:me 0x000000100000x00000000dffeffff] usable
[    0.000000] BIOS-e20 [mem 0x00000000dfff0000-0x00000000dfffffff] ACPI data
[    0.000000] BIOS-e820: [mem 0x00000000fec00000-0x00000000fec00fff] reserved
[    0.000000] BIOS-e820: [mem 0x00000000fee00000-0x00000000fee00fff] reserved
[    0.000000] BIOS-e820: [mem 0x00000000fffc0000-0x00000000ffffffff] reserved
[    0.000000] BIOS-e820: [mem 0x0000000100000000-0x000000021fffffff] usable
[    0.000000] NX (Execut Disable) protection: active
[    0.000000] SMBIOS 2.5 present.
[    0.000000] Hypervisor detected: KVM
[    0.000000] e820: last_pfn = 0x220000 max_arch_pfn = 0x400000000
[    0.000000] x86/PAT: Configuration [0-7]: WB  WC  UC- UC  WB  WC  UC- WT  
[    0.000000] MTRR: Disabled
[    0.000000] CPU MTRRs all blank - virtualized system.
[    0.000000] e820: last_pfn = 0xdfff0 max_arch_pfn = 0x400000000
[    0.000000] found SMP MP-table at [mem 0x0009fff0-0x0009ffff] mapped at [ffff880009fff0]
[    0.000000] Scanning 1 areas for low memory corruption
[    0.000000] RAMDISK: [mem 0x371b8000-0x378d3fff]
[    0.000000] ACPI: Early table checksum verification disabled
[    0.000000] ACPI: RSDP 0x00000000000E0000 000024 (v02 VBOX  )
[    0.000000] ACPI: XSDT 0x00000000DFFF0030 00003C (v01 VBOX   VBOXXSDT 00000001 ASL  00000061)
[    0.000000] ACPI: FACP 0x00000000DFFF00F0 0000F4 (v04 VBO  OXFACP 00000001 ASL  00000061)
[    0.000000] ACPI: DSDT 0x00000000DFFF0480 00210F (v01 VBOX   VBOXBIOS 00000002 INTL 20100528)
[    0.000000] ACPI: FACS 0x00000000DFFF0200 000040
[    0.000000] ACPI: FACS 0x00000000DFFF0200 000040
[    0.000000] ACPI: APIC 0x00000000DFFF0240 00006C (v02 VBOX   VBOXAPIC 00000001 ASL  00000061)
[    0.000000] ACPI: SSDT 0x00000000DFFF02B0 0001CC (v01 VBOX   VBOXCPUT 00000002 INTL 20100528)
[    0.000000] No NUMA configuration found
[    0.000000] Faking a node at [mem 0x0000000000000000-0x000000021fffffff]
[    0.000000] NODE_DATA(0) allocated [mem 0x21fff5000-0x21fff9fff]
[    0.000000] kvm-clock: Using msrs 4b564d01 and 4b564d00
[    0.000000] kvm-clock: cpu 0, msr 2:1fff1001, primary cpu clock
[    0.000000] kvm-clock: ussing sched offset of 2975532114 cycles
[    0.000000] clocksource: kvm-clock: mask: 0xffffffffffffffff max_cycles: 0x1cd42e4dffb, max_idle_ns: 881590591483 ns
[    0.000000] Zone ranges:
[    0.000000]   DMA     [m x000000001000-0x0000000000ffffff]
[    0.000000]   DMA32    [mem 0x0000000001000000-0x00000000ffffffff]
[    0.000000]   Normal   [mem 0x0000000100000000-0x000000021fffffff]
[    0.000000]   Device   empty
[    0.000000] Movable zone start for each node
[    0.000000] Early memory node ranges
[    0.000000]   node   0: [mem 0x0000000000001000-0x000000000009efff]
[    0.000000]  noe 0: [m 000000000000-0x0000dffff
[    0.000000]   node   0: [mem 0x0000000100000000-0x000000021fffffff]
[    0.000000] Initmem setup node 0 [mem 0x0000000000001000-0x000000021fffffff]
[    00000] ACPI: PM-Timer IO Port: 0x4008
[    0.000000] IOAPIC[0]: apic_id 4, version 32, address 0xfec00000, GSI 0-23
[    0.000000] ACPI: INT_SRC_OVR (bu 0 b_i 0 global_irq 2 dfl dfl)
[    0.000000] ACPI: INT_SRC_OVR (bus 0 bus_irq 9 global_irq 9 high level)
[    0.000000] Using ACPI (MADT) for SMP configuration information
[    0.000000] smpboot: Allowing 4 CPUs, 0 hotplug CPUs
[    0.000000] PM: Registered nosave memory: [mem 0x00000000-0x00000fff]
[    0.000000] PM: Registered nosave memory: [mem 0x0009f000-0x0009ffff]
[    0.000000] PM: Registered nosave memory: [mem 0x000a0000-0x000effff]
[    0.000000] PM: Registered nosave memory: [mem 0x000f0000-0x000fffff]
[    0.000000] PM: Registered nosave memory: [mem 0xdfff0000-0xdfffffff]
[    0.000000] PM: Registered nosave memory: [mem 0xe0000000-0xfebfffff]
[    0.000000] PM: Registered nosave memory: [mem 0xfec00000-0xfec00fff]
[    0.000000] PM: Registered nosave memory: [mem 0xfec01000-0xfedfffff]
[    0.000000] PM: Registered nosave memory: [mem 0xfee00000-0xfee00fff]
[    0.000000] PM: Registered nosave memory: [mem 0xfee01000-0xfffbffff]
[    0.000000] PM: Registered nosave memory: [mem 0xfffc0000-0xffffffff]
[    0.000000] e820: [mem 0xe0000000-0xfebfffff] available for PCI devices
[    0.000000] Booting paravirtualized kernel on KVM
[   000000] ocksource: refined-jiffies: mask: 0xffffffff max_cycles: 0xffffffff, max_idle_ns: 7645519002168s
[   0.000000] sep_percpu: NR_CPUS:256 nr_cpumask_bits:256 nr_cpu_ids:4 nr_node_ids:1
[    0.000000] PERCPU: Embedded 33 pages/cpu @ffff88021fc00000 s98008 r8192 d28968 u524288
[    0.000000] PV qspinlock hash table entries: 256 (order: 0, 4096 bytes)
[    0.000000] Built 1 zonelists in Node order, mobility grouping on.  Total pages: 2064249
[    0.000000] Policy zone: Normal
[    0.000000] Kernl coanlineBO_IMA=/ot/vliuz4..0-36-generic root=LABEL=cloudimg-rootfs ro console=tty1 console=ttyS0
[    0.000000] PID hash table entries: 4096 (order: 3, 32768 bytes)
[    0.000000] Memory: 8164368K/8388152K available (8394K kernel code, 1282K rwdata, 3944K rodata, 1480K init, 1292K bss, 223784K reserved, 0K cma-reserved)
[    0.000000] SLUB: HWalign=64, Order=0-3, MinObjects=0, CPUs=4, Nodes=1
[    0.000000] Hierarchical RCU implementation.
[    0.000000] 	Build-time adjustment of leaf fanout to 64.
[    0.000000] 	RCU restricting CPUs from NR_CPUS=256 to nr_cpu_ids=4.
[    0.000000] RCU: Adjusting geometry for rcu_fanout_leaf=64, nr_cpu_ids=4
[    0.000000] NR_IRQS:16640 nr_irqs:456 16
[    0.000000] Console: colour VGA+ 80x25
[    0.000000] console [tty1] enabled
[    0.000000] console [ttyS0] enabled
[    0.000000] tsc: Detected 3292.520 MHz processor
[    2.405345] Calibrating delay loop (skippe) eset value.. 6585.04 BogoMIPS (lpj=13170080)
[    2.477670] pid_max: default: 32768 minimum: 301
[    2.484496] ACPI: Core revision 20150930
[    2.486028] ACPI: 2 ACPI AML tables successfully acquired and loaded
[    2.489676] Security Framework initialized
[    2.515076] Yama: becoming mindful.
[    2.618593] AppArmor: AppArmor initialized
[    2.649956] Dentry cache hash table entries: 1048576 (order: 11, 8388608 bytes)
[    2.653469] Inode-cache hash table entries: 524288 (order: 10, 4194304 bytes)
[    2.695121] Mount-cache hash table entries: 16384 (order: 5, 131072 bytes)
[    2.696193] Mountpoint-cache hash table entries: 16384 (order: 5, 131072 bytes)
[    2.697678] Initializing cgroup subsys io
[    2.698393] Initializing cgroup subsys memory
[    2.699144] Initializing cgroup subsys devices
[    2.699925] Initializing cgroup subsys freezer
[    2.700708] Initializing cgroup subsys net_cls
[    2.701494] Initializing cgroup subsys perf_event
[    2.702309] Initializing cgroup subsys net_prio
[    2.703077] Initializing cgroup subsys hugetlb
[    2.703864] Initializing cgroup subsys pids
[    2.704678] CPU: Physical Processor ID: 0
[    2.705411] CPU: Processor Core ID: 0
[    2.706361] mce: CPU supports 0 MCE banks
[    2.707089] Last level iTLB entries: 4KB 512, 2MB 8, 4MB 8
[    2.707988] Last level dTLB entries: 4KB 512, 2MB 32, 4MB 32, 1GB 0
[    2.800534] Freeing SMP alternatives memory: 28K (ffffffff820b4000 - ffffffff820bb000)
[    2.835826] ftrace: allocating 31996 entries in 125 pages
[    2.901476] smpboot: Max logical packages: 1
[    2.941478] smpboot: APIC(0) Converting physical 0 to logical package 0
[    2.942753] x2apic enabled
[    2.943531] Switched APIC routing to physical x2apic.
[    2.946621] ..TIMER: vector=0x30 apic1=0 pin1=2 apic2=-1 pin2=-1
[    3.052437] smpboot: CPU0: Intel(R) Xeon(R) CPU E3-1230 V2 @ 3.30GHz (family: 0x6, model: 0x3a, stepping: 0x9)
[    3.110355] Performance Events: unsupported p6 CPU model 58 no PMU driver, software events only.
[    3.111956] KVM setup paravirtual spinlock
[    3.113531] x86: Booting SMP configuration:
[    3.147423] .... node  #0, CPUs:      #1
[    3.148263] kvm-clock: cpu 1, msr 2:1fff1041, secondary cpu clock
[    3.149275] mce: CPU supports 0 MCE banks
[    3.151754]  #2
[    3.153675] kvm-clock: cpu 2, msr 2:1fff1081, secondary cpu clock
[    3.172708] mce: CPU supports 0 MCE banks
[    3.178749]  #3
[    3.179132] kvm-clock: cpu 3, msr 2:1fff10c1, secondary cpu clock
[    3.233615] mce: CPU supports 0 MCE banks
[    3.236057] x86: Booted up 1 node, 4 CPUs
[    3.236973] smpboot: Total of 4 processors activated (26340.16 BogoMIPS)
[    3.238399] devtmpfs: initialized
[    3.241208] evm: security.selinux
[    3.247864] evm: security.SMACK64
[    3.248498] evm: security.SMACK64EXEC
[    3.249185] evm: security.SMACK64TRANSMUTE
[    3.249914] evm: security.SMACK64MMAP
[    3.250578] evm: security.ima
[    3.251158] evm: security.capability
[    3.251998] clocksource: jiffies: mask: 0xffffffff max_cycles: 0xffffffff, max_idle_ns: 7645041785100000 ns
[    3.265782] pinctrl core: initialized pinctrl subsystem
[    3.266743] RTC time: 14:38:37, date: 10/12/16
[    3.267717] NET: Registered protocol family 16
[    3.318829] cpuidle: using governor ladder
[    3.329834] cpuidle: using governor menu
[    3.330548] PCCT header not found.
[    3.332375] ACPI: bus type PCI registered
[    3.335153] acpiphp: ACPI Hot Plug PCI Controller Driver version: 0.5
[    3.382836] PCI: Using configuration type 1 for base access
[    3.430529] ACPI: Added _OSI(Module Device)
[    3.437495] ACPI: Added _OSI(Processor Device)
[    3.438271] ACPI: Added _OSI(3.0 _SCP Extensions)
[    3.444015] ACPI: Added _OSI(Processor Aggregator Device)
[    3.451433] ACPI: Executed 1 blocks of module-level executable AML code
[    3.454282] ACPI: Interpreter enabled
[    3.454988] ACPI Exception: AE_NOT_FOUND, While evaluating Sleep State [\_S1_] (20150930/hwxface-580)
[    3.463423] ACPI Exception: AE_NOT_FOUND, While evaluating Sleep State [\_S2_] (20150930/hwxface-580)
[    3.466139] ACPI Exception: AE_NOT_FOUND, While evaluating Sleep State [\_S3_] (20150930/hwxface-580)
[    3.467783] ACPI Exception: AE_NOT_FOUND, While evaluating Sleep State [\_S4_] (20150930/hwxface-580)
[    3.469483] ACPI: (supports S0 S5)
[    3.470120] ACPI: Using IOAPIC for interrupt routing
[    3.471076] PCI: Using host bridge windows from ACPI; if necessary, use "pci=nocrs" and report a bug
[    3.475879] ACPI: PCI Root Bridge [PCI0] (domain 0000 [bus 00-ff])
[    3.476865] acpi PNP0A03:00: _OSC: OS supports [ASPM ClockPM Segments MSI]
[    3.477975] acpi PNP0A03:00: _OSC failed (AE_NOT_FOUND); disabling ASPM
[    3.487581] acpi PNP0A03:00: fail to add MMCONFIG information, can't access extended PCI configuration space under this bridge.
[    3.492420] PCI host bridge to bus 0000:00
[    3.493122] pci_bus 0000:00: root bus resource [io  0x0000-0x0cf7 window]
[    3.494187] pci_bus 0000:00: root bus resource [io  0x0d00-0xffff window]
[    3.509302] pci_bus 0000:00: root bus resource [mem 0x000a0000-0x000bffff window]
[    3.578980] pci_bus 0000:00: root bus resource [mem 0xe0000000-0xffdfffff window]
[    3.614101] pci_bus 0000:00: root bus resource [bus 00-ff]
[    3.616673] pci 0000:00:01.1: legacy IDE quirk: reg 0x10: [io  0x01f0-0x01f7]
[    3.647154] pci 0000:00:01.1: legacy IDE quirk: reg 0x14: [io  0x03f6]
[    3.711014] pci 0000:00:01.1: legacy IDE quirk: reg 0x18: [io  0x0170-0x0177]
[    3.712162] pci 0000:00:01.1: legacy IDE quirk: reg 0x1c: [io  0x0376]
[    3.804523] pci 0000:00:07.0: quirk: [io  0x4000-0x403f] claimed by PIIX4 ACPI
[    3.832661] pci 0000:00:07.0: quirk: [io  0x4100-0x410f] claimed by PIIX4 SMB
[    3.892732] ACPI: PCI Interrupt Link [LNKA] (IRQs 5 9 10 *11)
[    3.905417] ACPI: PCI Interrupt Link [LNKB] (IRQs 5 9 10 *11)
[    3.906768] ACPI: PCI Interrupt Link [LNKC] (IRQs 5 9 *10 11)
[    3.908155] ACPI: PCI Interrupt Link [LNKD] (IRQs 5 *9 10 11)
[    3.916686] ACPI: Enabled 2 GPEs in block 00 to 07
[    3.917981] vgaarb: setting as boot device: PCI:0000:00:02.0
[    3.964622] vgaarb: device added: PCI:0000:00:02.0,decodes=io+mem,owns=io+mem,locks=none
[    3.967291] vgaarb: loaded
[    3.967860] vgaarb: bridge control possible 0000:00:02.0
[    3.968964] SCSI subsystem initialized
[    3.969818] ACPI: bus type USB registered
[    3.970525] usbcore: registered new interface driver usbfs
[    3.971401] usbcore: registered new interface driver hub
[    3.972273] usbcore: registered new device driver usb
[    3.974689] PCI: Using ACPI for IRQ routing
[    3.976849] NetLabel: Initializing
[    3.977501] NetLabel:  domain hash size = 128
[    3.978255] NetLabel:  protocols = UNLABELED CIPSOv4
[    4.030922] NetLabel:  unlabeled traffic allowed by default
[    4.031935] amd_nb: Cannot enumerate AMD northbridges
[    4.032836] clocksource: Switched to clocksource kvm-clock
[    4.091] ppmo AArorFisyem Enabled
[    4.393731] pnp: PnP ACPI init
[    4.395048] pnp: PnP ACPI: found 3 devices
[  4404213] clocksource: acpi_pm: mask: 0xffffff max_cycles: 0xffffff, max_idle_ns: 2085701024 ns
[    4.471839] NET: Registered protocol family 2
[   .482 T etaisd shab eri: 5536orr:, 42 bes
[    5.329710] TCP bind hash table entries: 65536 (order: 8, 1048576 bytes)
[    5.331043] TCP: Hash tables configured (established 65536 bind 65536)
[    5.332089] UDP hash table entries: 4096 (order: 5, 131072 bytes)
[    5.333050] UDP-Lite hash table entries: 4096 (order: 5, 131072 bytes)
[    5.334130] NET: Registered protocol family 1
[    5.334871] pci 0000:00:00.0: Limiting direct PCI/PCI transfers
[    5.335840] pci 0000:00:01.0: Activating ISA DMA hang workarounds
[    5.336956] Trying to unpack rootfs image as initramfs...

[    6.361869] Freeing initrd memory: 7280K (ffff8800371b8000 - ffff8800378d4000)
[    6.374582] PCI-DMA: Using software bounce buffering for IO (SWIOTLB)
[    6.375658] software IO TLB [mem 0xdbff0000-0xdfff0000] (64MB) mapped at [ffff8800dbff0000-ffff8800dffeffff]
[    6.377423] RAPL PMU detected, API unit is 2^-32 Joules, 3 fixed counters 10737418240 ms ovfl timer
[    6.390479] hw unit of domain pp0-core 2^-0 Joules
[    6.391321] hw unit of domain package 2^-0 Joules
[    6.392124] hw unit of domain pp1-gpu 2^-0 Joules
[    6.405825] platform rtc_cmos: registered platform RTC device (no PNP device found)
[    6.407217] Scanning for low memory corruption every 60 seconds
[    6.408712] futex hash table entries: 1024 (order: 4, 65536 bytes)
[    6.426168] audit: initializing netlink subsys (disabled)
[    6.481858] audit: type=2000 audit(1476283121.656:1 itilied
[    6.6759Initialise system trusted keyring

[    6.789322] HugeTLB registered 2 MB page size, pre-allocated 0 pages
[    6.791496] zbud: loaded
[    6.792216] VFS: Disk quotas dquot_6.6.0
[    6.792955] VFS: Dquot-cache hash table entries: 512 (order 0, 4096 bytes)
[    6.798249] squashfs: version 4.0 (2009/01/31) Phillip Lougher
[    6.799455] fuse init (API version 7.23)
[    6.800314] Key type big_key registered
[    6.801009] Allocating IMA MOK and blacklist keyrings.
[   8079] Key te asymmetric registered
[    6.962457] Asymmetric key parser 'x509' registered
[   6963341] Bloclar SCSI generic (bsg) driver version 0.4 loaded (major 249)

[    7.131650] io scheduler noop registered
[    7.132387] io scheduler deadline registered (default)
[    7.133351] io scheduler cfq registered
[    7.134142] pci_hotplug: PCI Hot Plug PCI Core version: 0.5
[    7.135068] pciehp: PCI Express Hot Plug Controller Driver version: 0.4
[    7.136229] ACPI: AC Adapter [AC] (on-line)
[    7.137001] input: Power Button as /devices/LNXSYSTM:00/LNXPWRBN:00/input/input0
[    7.138359] ACPI: Power Button [PWRF]
[    7.139083] input: Sleep Button as /devices/LNXSYSTM:00/LNXSLPBN:00/input/input1
[    7.140384] ACPI: Sleep Button [SLPF]
[    7.141366] GHES: HEST is not enabled!
[    7.142174] Serial: 8250/16550 driver, 32 ports, IRQ sharing enabled
[    7.165320] 00:02: ttyS0 at I/O 0x3f8 (irq = 4, base_baud = 115200) is a 16550A
[    7.167558] Linux agpgart interface v0.103
[    7.171922] brd: module loaded
[    7.173934] loop: module loaded
[    7.175182] scsi host0: ata_piix
[    7.176024] scsi host1: ata_piix
[    7.176676] ata1: PATA max UDMA/33 cmd 0x1f0 ctl 0x3f6 bmdma 0xd000 irq 14
[    7.203788] ata2: PATA max UDMA/33 cmd 0x170 ctl 0x376 bmdma 0xd008 irq 15
[    7.204903] libphy: Fixed MDIO Bus: probed
[    7.206802] tun: Universal TUN/TAP device driver, 1.6
[    7.207659] tun: (C) 1999-2004 Max Krasnyansky <maxk@qualcomm.com>
[    7.208670] PPP generic driver version 2.4.2
[    7.209498] ehci_hcd: USB 2.0 'Enhanced' Host Controller (EHCI) Driver
[    7.210534] ehci-pci: EHCI PCI platform rir
[  7.56] hci-platform: EHCI generic platform driver
[    7.405683] tsc: Refined TSC clocksource calibration: 3293.188 MHz
[    7.405685] clocksource: tsc: mask: 0xffffffffffffffff max_cycles: 0x2f78295742e, max_idle_ns: 440795256427 ns
[    7.603694] ohci_hcd: USB 1.1 'Open' Host Controller (OHCI) Driver
[    7.604677] ohci-pci: OHCI PCI platform driver
[    7.605497] ohci-platform: OHCI generic platform driver
[    7.606369] uhci_hcd: USB Universal Host Controller Interface driver
[    7.607438] i8042: PNP: PS/2 Controller [PNP0303:PS2K,PNP0f03:PS2M] at 0x60,0x64 irq 1,12
[    7.609323] serio: i8042 KBD port at 0x60,0x64 irq 1
[    7.610161] serio: i8042 AUX port at 0x60,0x64 irq 12
[    7.611087] mousedev: PS/2 mouse device common for all mice
[    7.612230] c_cmos rtc_cmos: rtc core: registered rtc_cmos as rtc0
[    7.67896] rtc_cmos rtc_cmos: alarms up to one day, 114 bytes nvram
[    7.690451] input: AT Translated Set 2 keyboard as /devices/platform/i8042/serio0/input/input2
[    7.700770] i2c /dev entries driver
[    7.701557] device-mapper: uevent: version 1.0.3
[    7.702435] device-mapper: ioctl: 4.34.0-ioctl (2015-10-28) initialised: dm-devel@redhat.com
[    7.703861] ledtrig-cpu: registered to indicate activity on CPUs
[    7.705448] NET: Registered protocol family 10
[    7.706421] NET: Registered protocol family 17
[    7.707199] Key type dns_resolver registered
[    7.708099] microcode: CPU0 sig=0x306a9, pf=0x2, revision=0x19
[    7.709073] microcode: CPU1 sig=0x306a9, pf=0x2, revision=0x19
[    7.710021] microcode: CPU2 sig=0x306a9, pf=0x2, revision=0x19
[    7.711000] microcode: CPU3 sig=0x306a9, pf=0x2, revision=0x19
[    7.711987] microcode: Microcode Update Driver: v2.01 <tigran@aivazian.fsnet.co.uk>, Peter Oruba
[    7.713574] registered taskstats version 1
[    7.714318] Loading compiled-in X.509 certificates
[    7.715738] Loaded X.509 cert 'Build time autogenerated kernel key: 181cd957879f68b474ab1d0c92722cd44e756f77'
[    7.717359] zswap: loaded using pool lzo/zbud
[    7.719598] Key type trusted registered
[    7.722737] Key type encrypted registered
[    7.723464] AppArmor: AppArmor sha1 policy hashing enabled
[    7.724361] ima: No TPM chip found, activating TPM-bypass!
[    7.726789] evm: HMAC attrs: 0x1
[    7.727765]   Magic number: 4:990:636
[    7.728463] power_supply AC: hash matches
[    7.729308] rtc_cmos rtc_cmos: setting system clock to 2016-10-12 14:38:41 UTC (1476283121)
[    7.750577] BIOS EDD facility v0.16 2004-Jun-25, 0 devices found
[    7.773522] EDD information not available.
[    7.782531] Freeing unused kernel memory: 1480K (ffffffff81f42000 - ffffffff820b4000)
[    7.897835] Write protecting the kernel read-only data: 14336k
[    7.918223] Freeing unused kernel memory: 1832K (ffff880001836000 - ffff880001a00000)
[    7.919924] Freeing unused kernel memory: 152K (ffff880001dda000 - ffff880001e00000)
Loading, please wait...
[    7.930746] random: systemd-udevd urandom read with 2 bits of entropy available
starting version 229
[    7.952332] e1000: Intel(R) PRO/1000 Network Driver - version 7.3.21-k8-NAPI
[    7.989860] e1000: Copyright (c) 1999-2006 Intel Corporation.
[    7.994355] Fusion MPT base driver 3.04.20
[    7.995151] Copyright (c) 1999-2008 LSI Corporation
[    8.002546] Fusion MPT SPI Host driver 3.04.20
[    8.005822] AVX version of gcm_enc/dec engaged.
[    8.019569] AES CTR mode by8 optimization enabled
[    8.194054] input: ImExPS/2 Generic Explorer Mouse as /devices/platform/i8042/serio1/input/input4
[    8.356282] e1000 0000:00:03.0 eth0: (PCI:33MHz:32-bit) 02:b6:a4:d7:19:c6
[    8.370040] e1000 0000:00:03.0 eth0: Intel(R) PRO/1000 Network Connection
[    8.728378] e1000 0000:00:08.0 eth1: (PCI:33MHz:32-bit) 08:00:27:8c:02:bb
[    8.735566] e1000 0000:00:08.0 eth1: Intel(R) PRO/1000 Network Connection
[    8.737445] e1000 0000:00:03.0 enp0s3: renamed from eth0
[    8.737469] mptbase: ioc0: Initiating bringup
[    8.797409] e1000 0000:00:08.0 enp0s8: renamed from eth1
[    9.281855] ioc0: LSI53C1030 A0: Capabilities={Initiator}
[   10.482311] scsi host2: ioc0: LSI53C1030 A0, FwRev=00000000h, Ports=1, MaxQ=256, IRQ=20
[   11.033556] floppy0: no floppy controllers found
[   11.248368] scsi 2:0:0:0: Direct-Access     VBOX     HARDDISK         1.0  PQ: 0 ANSI: 5
[   11.709703] scsi target2:0:0: Beginning Domain Validation
[   11.711730] scsi target2:0:0: Domain Validation skipping write tests
[   11.719839] scsi target2:0:0: Ending Domain Validation
[   11.720733] scsi target2:0:0: asynchronous
[   11.739293] scsi 2:0:1:0: Direct-Access     VBOX     HARDDISK         1.0  PQ: 0 ANSI: 5
[   11.740692] scsi target2:0:1: Beginning Domain Validation
[   11.743696] scsi target2:0:1: Domain Validation skipping write tests
[   11.804347] scsi target2:0:1: Ending Domain Validation
[   11.805296] scsi target2:0:1: asynchronous
[   11.810679] sd 2:0:0:0: Attached scsi generic sg0 type 0
[   11.849659] sd 2:0:0:0: [sda] 20971520 512-byte logical blocks: (10.7 GB/10.0 GiB)
[   11.849936] sd 2:0:1:0: Attached scsi generic sg1 type 0
[   11.850654] sd 2:0:1:0: [sdb] 20480 512-byte logical blocks: (10.5 MB/10.0 MiB)
[   11.851026] sd 2:0:1:0: [sdb] Write Protect is off
[   11.851283] sd 2:0:1:0: [sdb] Incomplete mode parameter data
[   11.851284] sd 2:0:1:0: [sdb] Assuming drive cache: write through
[   11.853447] sd 2:0:1:0: [sdb] Attached SCSI disk
[   11.930861] sd 2:0:0:0: [sda] Write Protect is off
[   11.959277] sd 2:0:0:0: [sda] Incomplete mode parameter data
[   11.967798] sd 2:0:0:0: [sda] Assuming drive cache: write through
[   11.970091]  sda: sda1
[   11.971185] sd 2:0:0:0: [sda] Attached SCSI disk
Begin: Loading e[   13.255155] md: linear personality registered for level -1
ssential drivers ... [   13.275773] md: multipath personality registered for level -4
[   13.344054] md: raid0 personality registered for level 0
[   13.360405] md: raid1 personality registered for level 1
[   13.477156] raid6: sse2x1   gen()  9235 MB/s
[   13.561182] raid6: sse2x1   xor()  7291 MB/s
[   13.677190] raid6: sse2x2   gen() 11734 MB/s
[   13.789236] raid6: sse2x2   xor()  8033 MB/s
[   13.873198] raid6: sse2x4   gen() 13313 MB/s
[   13.945227] raid6: sse2x4   xor()  9982 MB/s
[   13.955328] raid6: using algorithm sse2x4 gen() 13313 MB/s
[   13.991555] raid6: .... xor() 9982 MB/s, rmw enabled
[   14.015333] raid6: using ssse3x2 recovery algorithm
[   14.017742] xor: automatically using best checksumming function:
[   14.057227]    avx       : 21547.000 MB/sec
[   14.079458] async_tx: api initialized (async)
[   14.137853] md: raid6 personality registered for level 6
[   14.140050] md: raid5 personality registered for level 5
[   14.146946] md: raid4 personality registered for level 4
[   14.152548] md: raid10 personality registered for level 10
done.
Begin: Running /scripts/init-premount ... done.
Begin: Mounting root fil[   14.202911] Btrfs loaded
e system ... Begin: Running /scripts/local-top ... done.
Begin: Running /scripts/local-premount ... Scanning for Btrfs filesystems
done.
Warning: fsck not present, so skipping root file system
[   14.335118] EXT4-fs (sda1): INFO: recovery required on readonly filesystem
[   14.336191] EXT4-fs (sda1): write access will be enabled during recovery
[   14.387395] EXT4-fs (sda1): orphan cleanup on readonly fs
[   15.017042] EXT4-fs (sda1): 1 orphan inode deleted
[   15.017892] EXT4-fs (sda1): recovery complete
[   15.019362] EXT4-fs (sda1): mounted filesystem with ordered data mode. Opts: (null)
done.
Begin: Running /scripts/local-bottom ... done.
Begin: Running /scripts/init-bottom ... Warning: overlayroot: debug is busted
done.
[   15.090062] systemd[1]: systemd 229 running in system mode. (+PAM +AUDIT +SELINUX +IMA +APPARMOR +SMACK +SYSVINIT +UTMP +LIBCRYPTSETUP +GCRYPT +GNUTLS +ACL +XZ -LZ4 +SECCOMP +BLKID +ELFUTILS +KMOD -IDN)
[   15.099658] systemd[1]: Detected virtualization ace.[  15.22700] sstemd[1]: Detected architecture x86-64.

Welcome to [1mUbuntu 16.04.1 LTS[0m!

[   15.341987] systemd[1]: Set hostname to <ubuntu>.
[   15.343677] systemd[1]: Initializing machine ID from random generator.
[   15.344736] systemd[1]: Installed transient /etc/machine-id file.

[  1.484 sted[1]: Racd rg User and Group Nam Lokups.
[[0;32m  OK  [0m] Reached target User and Group Name Lookups.
[   16.028099] systemd[1]: Reached target Swap.
[[0;32m  OK  [0m] Reached target Swap.
[   16.029836] systemd[1]: Listening on /dev/initctl Compatibility Named Pipe.
[[0;32m  OK  [0m] Listening on /dev/initctl Compatibility Named Pipe.
[   16.032091] systemd[1]: Listening on Journal Audit Socket.
[[0;32m  OK  [0m] Listening on Journal Audit Socket.
[   16.033915] systemd[1]: Listening on LVM2 poll daemon socket.
[[0;32m  OK  [0m] Listening on LVM2 poll daemon socket.
[   16.035856] systemd[1]: Listening on udev Control Socket.
[[0;32m  OK  [0m] Listening on udev Control Socket.
[   16.037658] systemd[1]: Listening on LVM2 metadata daemon socket.
[[0;32m  OK  [0m] Listening on LVM2 metadata daemon socket.
[   16.259265] systemd[1]: Listening on udev Kernel Socket.
[[0;32m  OK  [0m] Listening on udev Kernel Socket.
[   16.261343] systemd[1]: Created slice User and Session Slice.
[[0;32m  OK  [0m] Created slice User and Session Slice.
[   16.263220] systemd[1]: Listening on Journal Socket (/dev/log).
[[0;32m  OK  [0m] Listening on Journal Socket (/dev/log).
[   16.265153] systemd[1]: Listening on Journal Socket.
[[0;32m  OK  [0m] Listening on Journal Socket.
[   16.266877] systemd[1]: Listening on Syslog Socket.
[[0;32m  OK  [0m] Listening on Syslog Socket.
[   16.270038] systemd[1]: Listening on Device-mapper event daemon FIFOs.
[[0;32m  OK  [0m] Listening on Device-mapper event daemon FIFOs.
[   16.272559] systemd[1]: Created slice System Slice.
[[0;32m  OK  [0m] Created slice System Slice.
[   16.311173] systemd[1]: Mounting Debug File System...
         Mounting Debug File System...
[   16.517114] systemd[1]: Starting Nameserver information manager...
         Starting Nameserver information manager...
[   16.648764] systemd[1]: Reached target Slices.
[[0;32m  OK  [0m] Reached target Slices.
[   16.918750] systemd[1]: Mounting POSIX Message Queue File System...
         Mounting POSIX Message Queue File System...
[   16.935385] systemd[1]: Mounting Huge Pages File System...
         Mounting Huge Pages File System...
[   16.964982] systemd[1]: Starting Journal Service...
         Starting Journal Service...
[   16.981498]ysmd]:rete slice system-serial\x2dgetty.slice.
[[0;32m  OK  [0m] Created slice system-serial\x2dgetty.slice.
[   17.248627] systemd[1]]: Starting Load Kernel Modules...
         Startin[   17.254717] Loading iSCSI transport class v2.0-870.
g Load Kernel Modules...
[   17.285282] iscsi: registered transport (tcp)
[   18.897] iscsi: regstered transport (iser)
[   18.193317] systemd[1]: Starting Uncomplicated firewall...
         Starting Uncomplicated firewall...
[   18.461419] systemd[1]: Starting Monitoring of LVM2 mirrors, snapshots etc. using dmeventd or progress polling...
[   18.462061] random: nonblocking pool is initialized
         Starting Monitoring of LVM2 mirrors... dmeventd or progress polling...
[   18.594142] systemd[1]: Set up automount Arbitrary Executable File Formats File System Automount Point.
[[0;32m  OK  [0m] Set up automount Arbitrary Executab...ats File System Automount Point.
[   18.598196] systemd[1]: Starting Remount Root and Kernel File Systems...
[   18.600586] EXT4-fs (sda1): re-mounted. Opts: (null)
         Starting Remount Root and Kernel File Systems...
[   18.667859] systemd[1]: Started Forward Password Requests to Wall Directory Watch.
[[0;32m  OK  [0m] Started Forward Password Requests to Wall Directory Watch.
[   18.670322] systemd[1]: Reached target Encrypted Volumes.
[[0;32m  OK  [0m] Reached target Encrypted Volumes.
[   18.672741] systemd[1]: Starting Create list of required static device nodes for the current kernel...
         Starting Create list of required st... nodes for the current kernel...
[   18.709787] systemd[1]: Starting Set console keymap...
         Starting Set console keymap...
[   18.717496] systemd[1]:ouedugPages File Sysm.
[[0;32m  OK  [0m] Mounted Huge Pages File System.
[   19.101068] systemd[1]: Mounted Debug File System.
[[0;32m  OK  [0m] Mounted Debug File System.
[   19.103113] systemd[1]: Mounted POSIX Message Queue File System.
[[0;32m  OK  [0m] Mounted POSIX Message Queue File System.
[   19.105486] systemd[1]: Started Journal Service.
[[0;32m  OK  [0m] Started Journal Service.
[[0;32m  OK  [0m] Started Load Kernel Modules.
[[0;32m  OK  [0m] Started Uncomplicated firewall.
[[0;32m  OK  [0m] Started Remount Root and Kernel File Systems.
[[0;32m  OK  [0m] Started Create list of required sta...ce nodes for the current kernel.
[[0;32m  OK  [0m] Started Set console keymap.
[[0;32m  OK  [0m] Started Nameserver information manager.
[[0;32m  OK  [0m] Started LVM2 metadata daemon.
         Starting Create Static Device Nodes in /dev...
         Starting udev Coldplug all Devices...
         Starting Load/Save Random Seed...
         Starting Apply Kernel Variables...
         Mounting FUSE Control File System...
         Starting Flush Journal to Persistent Storage...
[[0;32m  OK  [0m] Mounted FUSE Control File System.
[[0;32m  OK  [0m] Started Monitoring of LVM2 mirrors,...ng dmeventd or progress polling.
[[0;32m  OK  [0m] Started Create Static Device Nodes in /dev.
[[0;32m  OK  [0m] Started Load/Save Random Seed.
[[0;32m  OK  [0m] Started Apply Kernel Variables.
[[0;32m  OK  [0m] Started udev Coldplug all Devices.
[[0;32m  OK  [0m] Started Flush Journal to Persistent Storage.
         Starting udev Kernel Device Manager...
[[0;32m  OK  [0m] Started udev Kernel Device Manager.
[[0;32m  OK  [0m] Found device /dev/ttyS0.
[[0;32m  OK  [0m] Started Dispatch Password Requests to Console Directory Watch.
[[0;32m  OK  [0m] Reached target Local File Systems (Pre).
[[0;32m  OK  [0m] Reached target Local File Systems.
         Starting LSB: AppArmor initialization...
         Starting Create Volatile Files and Directories...
         Starting Tell Plymouth To Write Out Runtime Data...
         Starting Initial cloud-init job (pre-networking)...
         Starting Run snappy firstboot setup...
         Starting Commit a transient machine-id on disk...
         Starting Set console font and keymap...
[[0;32m  OK  [0m] Started Create Volatile Files and Directories.
[[0;32m  OK  [0m] Started Tell Plymouth To Write Out Runtime Data.
[[0;32m  OK  [0m] Started Run snappy firstboot setup.
[[0;32m  OK  [0m] Started Commit a transient machine-id on disk.
[[0;32m  OK  [0m] Listening on Load/Save RF Kill Switch Status /dev/rfkill Watch.
         Starting Update UTMP about System Boot/Shutdown...
[[0;32m  OK  [0m] Reached target System Time Synchronized.
[[0;32m  OK  [0m] Started Update UTMP about System Boot/Shutdown.
[[0;32m  OK  [0m] Started LSB: AppArmor initialization.
[[0;32m  OK  [0m] Reached target System Initialization.
[[0;32m  OK  [0m] Listening on D-Bus System Message Bus Socket.
         Starting Socket activation for snappy daemon.
         Starting LXD - unix socket.
[   17.738285] cloud-init[692]: Cloud-init v. 0.7.7 running 'init-local' at Wed, 12 Oct 2016 14:38:54 +0000. Up 17.48 seconds.
[[0;32m  OK  [0m] Listening on ACPID Listen Socket.
[[0;32m  OK  [0m] Started ACPI Events Check.
[[0;32m  OK  [0m] Reached target Paths.
[[0;32m  OK  [0m] Started Daily apt activities.
[[0;32m  OK  [0m] Started Timer to automatically refresh installed snaps.
[[0;32m  OK  [0m] Started Daily Cleanup of Temporary Directories.
[[0;32m  OK  [0m] Reached target Timers.
[[0;32m  OK  [0m] Listening on UUID daemon activation socket.
[[0;32m  OK  [0m] Started Set console font and keymap.
[[0;32m  OK  [0m] Listening on Socket activation for snappy daemon.
[[0;32m  OK  [0m] Listening on LXD - unix socket.
[[0;32m  OK  [0m] Started Initial cloud-init job (pre-networking).
[[0;32m  OK  [0m] Reached target Network (Pre).
         Starting Raise network interfaces...
[[0;32m  OK  [0m] Reached target Sockets.
[[0;32m  OK  [0m] Reached target Basic System.
[[0;32m  OK  [0m] Started FUSE filesystem for LXC.
[[0;32m  OK  [0m] Started ACPI event daemon.
         Starting LXD - container startup/shutdown...
         Starting System Logging Service...
         Starting LSB: Record successful boot for GRUB...
         Starting Login Service...
         Starting LSB: MD monitoring daemon...
[[0;32m  OK  [0m] Started Regular background program processing daemon.
         Starting Accounts Service...
[[0;32m  OK  [0m] Started Deferred execution scheduler.
[[0;32m  OK  [0m] Started D-Bus System Message Bus.
[[0;32m  OK  [0m] Started Snappy daemon.
[[0;32m  OK  [0m] Created slice system-getty.slice.
[[0;32m  OK  [0m] Started System Logging Service.
[[0;32m  OK  [0m] Started LXD - container startup/shutdown.
[[0;32m  OK  [0m] Started LSB: Record successful boot for GRUB.
[[0;32m  OK  [0m] Started LSB: MD monitoring daemon.
[[0;32m  OK  [0m] Started Login Service.
         Starting Authenticate and Authorize Users to Run Privileged Tasks...
[[0;32m  OK  [0m] Started Authenticate and Authorize Users to Run Privileged Tasks.
[[0;32m  OK  [0m] Started Accounts Service.
[[0;32m  OK  [0m] Started Raise network interfaces.
         Starting Initial cloud-init job (metadata service crawler)...
[[0;32m  OK  [0m] Reached target Network.
[   20.943429] cloud-init[1036]: Cloud-init v. 0.7.7 running 'init' at Wed, 12 Oct 2016 14:38:57 +0000. Up 20.41 seconds.
[   20.997324] cloud-init[1036]: ci-info: ++++++++++++++++++++++++++++++++++++++Net device info++++++++++++++++++++++++++++++++++++++
[   20.997541] cloud-init[1036]: ci-info: +--------+-------+----------------------------+---------------+-------+-------------------+
[   20.997683] cloud-init[1036]: ci-info: | Device |   Up  |          Address           |      Mask     | Scope |     Hw-Address    |
[   20.997803] cloud-init[1036]: ci-info: +--------+-------+----------------------------+---------------+-------+-------------------+
[   20.997925] cloud-init[1036]: ci-info: |   lo   |  True |         127.0.0.1          |   255.0.0.0   |   .   |         .         |
[   20.998054] cloud-init[1036]: ci-info: |   lo   |  True |          ::1/128           |       .       |  host |         .         |
[   20.998196] cloud-init[1036]: ci-info: | enp0s8 | False |             .              |       .       |   .   | 08:00:27:8c:02:bb |
[   20.998314] cloud-init[1036]: ci-info: | enp0s3 |  True |         10.0.2.15          | 255.255.255.0 |   .   | 02:b6:a4:d7:19:c6 |
[   20.998443] cloud-init[1036]: ci-info: | enp0s3 |  True | fe80::b6:a4ff:fed7:19c6/64 |       .       |  link | 02:b6:a4:d7:19:c6 |
[   20.998576] cloud-init[1036]: ci-info: +--------+-------+----------------------------+---------------+-------+-------------------+
[   20.998718] cloud-init[1036]: ci-info: +++++++++++++++++++++++++++Route IPv4 info++++++++++++++++++++++++++++
[   20.998836] cloud-init[1036]: ci-info: +-------+-------------+----------+---------------+-----------+-------+
[   20.998966] cloud-init[1036]: ci-info: | Route | Destination | Gateway  |    Genmask    | Interface | Flags |
[   20.999095] cloud-init[1036]: ci-info: +-------+-------------+----------+---------------+-----------+-------+
[   20.999241] cloud-init[1036]: ci-info: |   0   |   0.0.0.0   | 10.0.2.2 |    0.0.0.0    |   enp0s3  |   UG  |
[   20.999357] cloud-init[1036]: ci-info: |   1   |   10.0.2.0  | 0.0.0.0  | 255.255.255.0 |   enp0s3  |   U   |
[   20.999486] cloud-init[1036]: ci-info: +-------+-------------+----------+---------------+-----------+-------+
[   20.999616] cloud-init[1036]: Generating public/private rsa key pair.
[   20.999763] cloud-init[1036]: Your identification has been saved in /etc/ssh/ssh_host_rsa_key.
[   20.999877] cloud-init[1036]: Your public key has been saved in /etc/ssh/ssh_host_rsa_key.pub.
[   21.000008] cloud-init[1036]: The key fingerprint is:
[   21.000280] cloud-init[1036]: SHA256:oI1JIphcBdhyb9Mi6xLns1ebasrDXoHLD3Mm6RDLVAg root@ubuntu-xenial
[   21.000541] cloud-init[1036]: The key's randomart image is:
[   21.000681] cloud-init[1036]: +---[RSA 2048]----+
[[0;32m  OK  [0m] Started Initial cloud-init job (metadata service crawler).
[   21.000825] cloud-init[1036]: |E ooo.           |
[   21.469481] cloud-init[1036]: |++oo             |
[   21.470394] cloud-init[1036]: |+o+.o o          |
[   21.470723] cloud-init[1036]: | ..+.X o         |
[   21.470839] cloud-init[1036]: | o .B.+ S        |
[   21.470965] cloud-init[1036]: |o.+oo ..         |
[   21.471095] cloud-init[1036]: | +*B +. o        |
[   21.471241] cloud-init[1036]: | .+*Oo o         |
[[0;32m  OK  [0m] Reached target Cloud-config availability.
[   21.471502] cloud-init[1036]: |  o*Bo.          |
[   21.528772] cloud-init[1036]: +----[SHA256]-----+
[   21.529021] cloud-init[1036]: Generating public/private dsa key pair.
[   21.529144] cloud-init[1036]: Your identification has been saved in /etc/ssh/ssh_host_dsa_key.
[   21.529286] cloud-init[1036]: Your public key has been saved in /etc/ssh/ssh_host_dsa_key.pub.
[   21.529406] cloud-init[1036]: The key fingerprint is:
[   21.529536] cloud-init[1036]: SHA256:1Uh9HdIm0HXvkAgfjns+5YWG7DpnnoXe1x/TOMvA3Pk root@ubuntu-xenial
[   21.529664] cloud-init[1036]: The key's randomart image is:
[   21.529922] cloud-init[1036]: +---[DSA 1024]----+
[   21.530052] cloud-init[1036]: |          oo+.o+o|
[   21.530180] cloud-init[1036]: |         . B.=o++|
[   21.530319] cloud-init[1036]: |          + =.= .|
[   21.530447] cloud-init[1036]: |         . o . + |
[   21.530573] cloud-init[1036]: |        S . + + o|
[   21.530702] cloud-init[1036]: |           * * +.|
[   21.530840] cloud-init[1036]: |            O Boo|
[   21.530966] cloud-init[1036]: |          .ooB +=|
[   21.531094] cloud-init[1036]: |          .=+ +.E|
[   21.531224] cloud-init[1036]: +----[SHA256]-----+
[   21.531360] cloud-init[1036]: Generating public/private ecdsa key pair.
[   21.531487] cloud-init[1036]: Your identification has been saved in /etc/ssh/ssh_host_ecdsa_key.
[   21.531615] cloud-init[1036]: Your public key has been saved in /etc/ssh/ssh_host_ecdsa_key.pub.
[   21.531758] cloud-init[1036]: The key fingerprint is:
[   21.531882] cloud-init[1036]: SHA256:DDInE8XphUEiXLN+A72yTF3xvJ+a7HubJVm9SU+iQlQ root@ubuntu-xenial
[   21.532068] cloud-init[1036]: The key's randomart image is:
[   21.532160] cloud-init[1036]: +---[ECDSA 256]---+
[[0;32m  OK  [0m] Reached target Network is Online.
[   21.532449] cloud-init[1036]: | ...=+++.   E    |
[   21.731828] cloud-init[1036]: |  .. *+ .+ .     |
[   21.732057] cloud-init[1036]: |    B.+.. +      |
[   21.732165] cloud-init[1036]: |   . O.= . .   . |
[   21.732304] cloud-init[1036]: |    + = S o   o.o|
[   21.732422] cloud-init[1036]: |   o + . . . =.o+|
[   21.732551] cloud-init[1036]: |    o     . * .o.|
[   21.732681]          Starting Apply the settings specified in cloud-config...
cloud-init[1036]: |         . +.+   |
[   21.925956] cloud-init[1036]: |         .*oo.   |
[   21.926163] cloud-init[1036]: +----[SHA256]-----+
[   21.926304] cloud-init[1036]: Generating public/private ed25519 key pair.
[   21.926425] cloud-init[1036]: Your identification has been saved in /etc/ssh/ssh_host_ed25519_key.
[   21.926553] cloud-init[1036]: Your public key has been saved in /etc/ssh/ssh_host_ed25519_key.pub.
[   21.926682] cloud-init[1036]: The key fingerprint is:
[   21.926844] cloud-init[1036]: SHA256:R3cMNrVIHOZG7oz7GArwjbA65+9VK8K1Fjf8Sde4dNw root@ubuntu-xenial
[   21.926951] cloud-init[1036]: The key's randomart image is:
[   21.927080] cloud-init[1036]: +--[ED25519 256]--+
[   21.927211] cloud-init[1036]: |           .Oo.  |
[   21.927468] cloud-init[1036]: |           B.= . |
[   21.927597] cloud-init[1036]: |          . * +  |
[   21.927724] cloud-init[1036]: |         o * . +.|
         Starting iSCSI initiator daemon (iscsid)...
[   21.928004] cloud-init[1036]: |    o   S B + + E|
[   22.173099] cloud-init[1036]: |     * + * * + o |
[   22.173999] cloud-init[1036]: |    . * * + o .  |
[   22.174885] cloud-init[1036]: |  ...  = o +     |
[   22.175759] cloud-init[1036]: |  .+.oo . . .    |
[   22.176670] cloud-init[1036]: +----[SHA256]-----+
         Starting Pollinate to seed the pseudo random number generator...
[   22.185564] cloud-init[1117]: Generating locales (this might take a while)...
         Starting /etc/rc.local Compatibility...
[[0;32m  OK  [0m] Started /etc/rc.local Compatibility.
[[0;32m  OK  [0m] Started iSCSI initiator daemon (iscsid).
         Starting Login to default iSCSI targets...
[[0;32m  OK  [0m] Started Login to default iSCSI targets.
[[0;32m  OK  [0m] Reached target Remote File Systems (Pre).
[[0;32m  OK  [0m] Reached target Remote File Systems.
         Starting LSB: Set the CPU Frequency Scaling governor to "ondemand"...
         Starting Permit User Sessions...
         Starting LSB: VirtualBox Linux Additions...
         Starting LSB: automatic crash report generation...
         Starting LSB: daemon to balance interrupts for SMP systems...
[[0;32m  OK  [0m] Started Permit User Sessions.
[[0;32m  OK  [0m] Started LSB: Set the CPU Frequency Scaling governor to "ondemand".
         Starting Terminate Plymouth Boot Screen...
         Starting Hold until boot process finishes up...
[[0;32m  OK  [0m] Started LSB: VirtualBox Linux Additions.
[[0;32m  OK  [0m] Started LSB: automatic crash report generation.
[[0;32m  OK  [0m] Started LSB: daemon to balance interrupts for SMP systems.
[[0;32m  OK  [0m] Started Terminate Plymouth Boot Screen.
[[0;32m  OK  [0m] Started Hold until boot process finishes up.
         Starting Set console scheme...
[[0;32m  OK  [0m] Started Getty on tty1.
[[0;32m  OK  [0m] Started Serial Getty on ttyS0.
[[0;32m  OK  [0m] Reached target Login Prompts.
[[0;32m  OK  [0m] Started Set console scheme.
[   22.736430] cloud-init[1117]:   en_US.UTF-8... done
[   22.760341] cloud-init[1117]: Generation complete.
[[0;32m  OK  [0m] Stopped OpenBSD Secure Shell server.
         Starting OpenBSD Secure Shell server...
[[0;32m  OK  [0m] Started OpenBSD Secure Shell server.
[   23.056207] cloud-init[1117]: Cloud-init v. 0.7.7 running 'modules:config' at Wed, 12 Oct 2016 14:38:59 +0000. Up 21.97 seconds.
[[0;32m  OK  [0m] Started Apply the settings specified in cloud-config.
         Starting Execute cloud user/final scripts...
ci-info: no authorized ssh keys fingerprints found for user ubuntu.
<14>Oct 12 14:39:00 ec2: 
<14>Oct 12 14:39:00 ec2: #############################################################
<14>Oct 12 14:39:00 ec2: -----BEGIN SSH HOST KEY FINGERPRINTS-----
<14>Oct 12 14:39:00 ec2: 1024 SHA256:1Uh9HdIm0HXvkAgfjns+5YWG7DpnnoXe1x/TOMvA3Pk root@ubuntu-xenial (DSA)
<14>Oct 12 14:39:00 ec2: 256 SHA256:DDInE8XphUEiXLN+A72yTF3xvJ+a7HubJVm9SU+iQlQ root@ubuntu-xenial (ECDSA)
<14>Oct 12 14:39:00 ec2: 256 SHA256:R3cMNrVIHOZG7oz7GArwjbA65+9VK8K1Fjf8Sde4dNw root@ubuntu-xenial (ED25519)
<14>Oct 12 14:39:00 ec2: 2048 SHA256:oI1JIphcBdhyb9Mi6xLns1ebasrDXoHLD3Mm6RDLVAg root@ubuntu-xenial (RSA)
<14>Oct 12 14:39:00 ec2: -----END SSH HOST KEY FINGERPRINTS-----
<14>Oct 12 14:39:00 ec2: #############################################################
-----BEGIN SSH HOST KEY KEYS-----
ecdsa-sha2-nistp256 AAAAE2VjZHNhLXNoYTItbmlzdHAyNTYAAAAIbmlzdHAyNTYAAABBBFxznmsNZieWlIkLr3KQD0J78zornOuKLlQzuUoAC53FMhMGjS19LjoJQNwNsvZEjVA5YzVTcCnDJXKCbrh8ViI= root@ubuntu-xenial
ssh-ed25519 AAAAC3NzaC1lZDI1NTE5AAAAIN6UC4FGPutv7xHTQs7NUNgsY5o26/Xl99jV2Zhh8+xA root@ubuntu-xenial
ssh-rsa AAAAB3NzaC1yc2EAAAADAQABAAABAQC1t7uV/CvDZ2KDgDgswY3C7nJwzm3DadbVX6NodDhNokEnhAlBiEud7vk/y0uJgfOcxLRulUDYxomMnRGjRsBHefSjU4wSmAAI/HiOJPfplaVrhSyh1aGGn9p7SbVHj4nkXH/Kvu0Vjji0/bDHHZ8nrls73z/90hoyE8oUAz57uNYlBiwRmUuKKjMP4/uI40noWi/i+BW9NOD5sAOS7yD4bJC/H7N0Xl7iiQ57g45i/rPbOoI+DakZ+Q1OvNAZkslJBNst1s1Dctfy9eGolsakBcjdHeehrbxWgkqEzCAhdFiFujAxPWDYdikOvPAIXQ0skORLTdPTBooUTnWHP2DF root@ubuntu-xenial
-----END SSH HOST KEY KEYS-----
[[0;32m  OK  [0m] Started Pollinate to seed the pseudo random number generator.
[   24.088494] cloud-init[1291]: Cloud-init v. 0.7.7 running 'modules:final' at Wed, 12 Oct 2016 14:39:00 +0000. Up 23.40 seconds.
[   24.185843] cloud-init[1291]: ci-info: no authorized ssh keys fingerprints found for user ubuntu.
[   24.186109] cloud-init[1291]: Cloud-init v. 0.7.7 finished at Wed, 12 Oct 2016 14:39:01 +0000. Datasource DataSourceNoCloud [seed=/dev/sdb][dsmode=net].  Up 24.08 seconds
[[0;32m  OK  [0m] Started Execute cloud user/final scripts.
[[0;32m  OK  [0m] Created slice User Slice of ubuntu.
         Starting User Manager for UID 1000...
[[0;32m  OK  [0m] Started Session 1 of user ubuntu.
[[0;32m  OK  [0m] Reached target Cloud-init target.
[[0;32m  OK  [0m] Reached target Multi-User System.
         Starting Notify bootloader that boot was successful...
[[0;32m  OK  [0m] Reached target Graphical Interface.
         Starting Update UTMP about System Runlevel Changes...
[[0;32m  OK  [0m] Started User Manager for UID 1000.
[[0;32m  OK  [0m] Started Notify bootloader that boot was successful.
[[0;32m  OK  [0m] Started Update UTMP about System Runlevel Changes.

Ubuntu 16.04.1 LTS ubuntu-xenial ttyS0

ubuntu-xenial login: 